<?xml version="1.0" encoding="UTF-8"?>
<!-- Generated by org.testng.reporters.JUnitXMLReporter -->
<testsuite ignored="0" hostname="DESKTOP-IQTQ1K1" failures="1" tests="2" name="Test" time="26.204" errors="0" timestamp="2024-09-08T16:57:39 IST">
  <testcase classname="testCases.TC001_AccountRegistrationTest" name="verify_account_registration" time="4.877"/>
  <testcase classname="testCases.TC002_Logintest" name="verify_login" time="12.374">
    <failure type="java.lang.AssertionError" message="expected [true] but found [false]">
      <![CDATA[java.lang.AssertionError: expected [true] but found [false]
at testCases.TC002_Logintest.verify_login(TC002_Logintest.java:36)
at java.base/java.util.ArrayList.forEach(ArrayList.java:1596)
... Removed 32 stack frames]]>
    </failure>
  </testcase> <!-- verify_login -->
</testsuite> <!-- Test -->
