<?xml version="1.0" encoding="UTF-8"?>
<testng-results ignored="0" total="2" passed="2" failed="0" skipped="0">
  <reporter-output>
  </reporter-output>
  <suite started-at="2024-09-09T10:44:49 IST" name="Master Suite" finished-at="2024-09-09T10:45:19 IST" duration-ms="29889">
    <groups>
      <group name="Master">
        <method signature="TC001_AccountRegistrationTest.verify_account_registration()[pri:0, instance:testCases.TC001_AccountRegistrationTest@117159c0]" name="verify_account_registration" class="testCases.TC001_AccountRegistrationTest"/>
        <method signature="TC002_Logintest.verify_login()[pri:0, instance:testCases.TC002_Logintest@1ca3b418]" name="verify_login" class="testCases.TC002_Logintest"/>
      </group> <!-- Master -->
      <group name="Sanity">
        <method signature="TC002_Logintest.verify_login()[pri:0, instance:testCases.TC002_Logintest@1ca3b418]" name="verify_login" class="testCases.TC002_Logintest"/>
      </group> <!-- Sanity -->
      <group name="Regration">
        <method signature="TC001_AccountRegistrationTest.verify_account_registration()[pri:0, instance:testCases.TC001_AccountRegistrationTest@117159c0]" name="verify_account_registration" class="testCases.TC001_AccountRegistrationTest"/>
      </group> <!-- Regration -->
    </groups>
    <test started-at="2024-09-09T10:44:49 IST" name="Test" finished-at="2024-09-09T10:45:19 IST" duration-ms="29889">
      <class name="testCases.TC002_Logintest">
        <test-method is-config="true" signature="setup(java.lang.String)[pri:0, instance:testCases.TC002_Logintest@1ca3b418]" started-at="2024-09-09T10:45:06 IST" name="setup" finished-at="2024-09-09T10:45:10 IST" duration-ms="4625" status="PASS">
          <params>
            <param index="0">
              <value>
                <![CDATA[chrome]]>
              </value>
            </param>
          </params>
          <reporter-output>
          </reporter-output>
        </test-method> <!-- setup -->
        <test-method signature="verify_login()[pri:0, instance:testCases.TC002_Logintest@1ca3b418]" started-at="2024-09-09T10:45:10 IST" name="verify_login" finished-at="2024-09-09T10:45:19 IST" duration-ms="8482" status="PASS">
          <reporter-output>
          </reporter-output>
        </test-method> <!-- verify_login -->
        <test-method is-config="true" signature="teardown()[pri:0, instance:testCases.TC002_Logintest@1ca3b418]" started-at="2024-09-09T10:45:19 IST" name="teardown" finished-at="2024-09-09T10:45:19 IST" duration-ms="304" status="PASS">
          <reporter-output>
          </reporter-output>
        </test-method> <!-- teardown -->
      </class> <!-- testCases.TC002_Logintest -->
      <class name="testCases.TC001_AccountRegistrationTest">
        <test-method is-config="true" signature="setup(java.lang.String)[pri:0, instance:testCases.TC001_AccountRegistrationTest@117159c0]" started-at="2024-09-09T10:44:49 IST" name="setup" finished-at="2024-09-09T10:44:59 IST" duration-ms="9352" status="PASS">
          <params>
            <param index="0">
              <value>
                <![CDATA[chrome]]>
              </value>
            </param>
          </params>
          <reporter-output>
          </reporter-output>
        </test-method> <!-- setup -->
        <test-method signature="verify_account_registration()[pri:0, instance:testCases.TC001_AccountRegistrationTest@117159c0]" started-at="2024-09-09T10:44:59 IST" name="verify_account_registration" finished-at="2024-09-09T10:45:05 IST" duration-ms="6303" status="PASS">
          <reporter-output>
          </reporter-output>
        </test-method> <!-- verify_account_registration -->
        <test-method is-config="true" signature="teardown()[pri:0, instance:testCases.TC001_AccountRegistrationTest@117159c0]" started-at="2024-09-09T10:45:05 IST" name="teardown" finished-at="2024-09-09T10:45:06 IST" duration-ms="299" status="PASS">
          <reporter-output>
          </reporter-output>
        </test-method> <!-- teardown -->
      </class> <!-- testCases.TC001_AccountRegistrationTest -->
    </test> <!-- Test -->
  </suite> <!-- Master Suite -->
</testng-results>
