<?xml version="1.0" encoding="UTF-8"?>
<testng-results ignored="0" total="1" passed="1" failed="0" skipped="0">
  <reporter-output>
  </reporter-output>
  <suite started-at="2024-09-08T16:59:46 IST" name="Failed suite [Master Suite]" finished-at="2024-09-08T17:00:01 IST" duration-ms="14717">
    <groups>
      <group name="Master">
        <method signature="TC002_Logintest.verify_login()[pri:0, instance:testCases.TC002_Logintest@cecf639]" name="verify_login" class="testCases.TC002_Logintest"/>
      </group> <!-- Master -->
      <group name="Sanity">
        <method signature="TC002_Logintest.verify_login()[pri:0, instance:testCases.TC002_Logintest@cecf639]" name="verify_login" class="testCases.TC002_Logintest"/>
      </group> <!-- Sanity -->
    </groups>
    <test started-at="2024-09-08T16:59:46 IST" name="Test(failed)" finished-at="2024-09-08T17:00:01 IST" duration-ms="14717">
      <class name="testCases.TC002_Logintest">
        <test-method is-config="true" signature="setup(java.lang.String)[pri:0, instance:testCases.TC002_Logintest@cecf639]" started-at="2024-09-08T16:59:46 IST" name="setup" finished-at="2024-09-08T16:59:52 IST" duration-ms="5745" status="PASS">
          <params>
            <param index="0">
              <value>
                <![CDATA[chrome]]>
              </value>
            </param>
          </params>
          <reporter-output>
          </reporter-output>
        </test-method> <!-- setup -->
        <test-method signature="verify_login()[pri:0, instance:testCases.TC002_Logintest@cecf639]" started-at="2024-09-08T16:59:52 IST" name="verify_login" finished-at="2024-09-08T17:00:00 IST" duration-ms="7959" status="PASS">
          <reporter-output>
          </reporter-output>
        </test-method> <!-- verify_login -->
        <test-method is-config="true" signature="teardown()[pri:0, instance:testCases.TC002_Logintest@cecf639]" started-at="2024-09-08T17:00:00 IST" name="teardown" finished-at="2024-09-08T17:00:01 IST" duration-ms="400" status="PASS">
          <reporter-output>
          </reporter-output>
        </test-method> <!-- teardown -->
      </class> <!-- testCases.TC002_Logintest -->
    </test> <!-- Test(failed) -->
  </suite> <!-- Failed suite [Master Suite] -->
</testng-results>
